{
  "uid" : "2bcfbde16eb95660",
  "name" : "test_invest_failed_wrong_format_3",
  "fullName" : "TestCases.test_invest.TestInvestPage#test_invest_failed_wrong_format_3",
  "historyId" : "ca7a06e79ea4916e8848608506b074be",
  "time" : {
    "start" : 1561889579343,
    "stop" : 1561889603636,
    "duration" : 24293
  },
  "status" : "failed",
  "statusMessage" : "AssertionError: '请输入10的整数倍' != '投标'\n- 请输入10的整数倍\n+ 投标",
  "statusTrace" : "self = <TestCases.test_invest.TestInvestPage testMethod=test_invest_failed_wrong_format_3>\ndata = {'check': '请输入10的整数倍', 'invest_money': '一百元'}\n\n    @data(*ID.invest_wrong_formater)\n    def test_invest_failed_wrong_format(self, data):\n        logging.info(\"======投资用例：异常场景-投资金额为错误的格式等======\")\n        # before_invest = self.bid_page.get_user_left_money()\n    \n        # self.bid_page.invest(data[\"invest_money\"])\n        btn_msg = self.bid_page.get_btn_text(data[\"invest_money\"])\n        # self.bid_page.get_element_text()\n        # after_invest = self.user_page.get_user_left_money()\n        # self.assertEqual(before_invest, after_invest)\n        # 投资金额不是10的倍数,校验按钮上面的文字\n>       self.assertEqual(data[\"check\"], btn_msg)\nE       AssertionError: '请输入10的整数倍' != '投标'\nE       - 请输入10的整数倍\nE       + 投标\n\nTestCases\\test_invest.py:76: AssertionError",
  "flaky" : false,
  "newFailed" : false,
  "beforeStages" : [ {
    "name" : "session_action",
    "time" : {
      "start" : 1561889395830,
      "stop" : 1561889395830,
      "duration" : 0
    },
    "status" : "passed",
    "steps" : [ ],
    "attachments" : [ ],
    "parameters" : [ ],
    "hasContent" : false,
    "stepsCount" : 0,
    "attachmentsCount" : 0,
    "shouldDisplayMessage" : false
  }, {
    "name" : "_UnitTestCase__pytest_class_setup",
    "time" : {
      "start" : 1561889395848,
      "stop" : 1561889454785,
      "duration" : 58937
    },
    "status" : "passed",
    "steps" : [ ],
    "attachments" : [ ],
    "parameters" : [ ],
    "hasContent" : false,
    "stepsCount" : 0,
    "attachmentsCount" : 0,
    "shouldDisplayMessage" : false
  } ],
  "afterStages" : [ {
    "name" : "session_action::0",
    "time" : {
      "start" : 1561889759766,
      "stop" : 1561889759766,
      "duration" : 0
    },
    "status" : "passed",
    "steps" : [ ],
    "attachments" : [ ],
    "parameters" : [ ],
    "hasContent" : false,
    "stepsCount" : 0,
    "attachmentsCount" : 0,
    "shouldDisplayMessage" : false
  }, {
    "name" : "_UnitTestCase__pytest_class_setup::0",
    "time" : {
      "start" : 1561889707718,
      "stop" : 1561889710379,
      "duration" : 2661
    },
    "status" : "passed",
    "steps" : [ ],
    "attachments" : [ ],
    "parameters" : [ ],
    "hasContent" : false,
    "stepsCount" : 0,
    "attachmentsCount" : 0,
    "shouldDisplayMessage" : false
  } ],
  "labels" : [ {
    "name" : "suite",
    "value" : "test_invest"
  }, {
    "name" : "subSuite",
    "value" : "TestInvestPage"
  }, {
    "name" : "parentSuite",
    "value" : "TestCases"
  }, {
    "name" : "host",
    "value" : "G50-75M"
  }, {
    "name" : "thread",
    "value" : "15668-MainThread"
  }, {
    "name" : "framework",
    "value" : "pytest"
  }, {
    "name" : "language",
    "value" : "cpython3"
  }, {
    "name" : "package",
    "value" : "TestCases.test_invest"
  }, {
    "name" : "resultFormat",
    "value" : "allure2"
  } ],
  "parameters" : [ ],
  "links" : [ ],
  "hidden" : false,
  "retry" : false,
  "extra" : {
    "severity" : "normal",
    "retries" : [ ],
    "categories" : [ {
      "name" : "Product defects",
      "matchedStatuses" : [ ],
      "flaky" : false
    } ],
    "tags" : [ ]
  },
  "source" : "2bcfbde16eb95660.json",
  "parameterValues" : [ ]
}